<?xml version="1.0" encoding="UTF-8"?>
<!-- Generated by org.testng.reporters.JUnitReportReporter -->
<testsuite skipped="0" hostname="DESKTOP-TU9VSIP" name="com.test.TestNgBasics" tests="2" failures="0" timestamp="20 Mar 2020 08:34:38 GMT" time="0.037" errors="0">
  <testcase name="googletiletest" time="0.032" classname="com.test.TestNgBasics"/>
  <testcase name="search" time="0.005" classname="com.test.TestNgBasics"/>
</testsuite> <!-- com.test.TestNgBasics -->
