<?xml version="1.0" encoding="UTF-8"?>
<!-- Generated by org.testng.reporters.JUnitReportReporter -->
<testsuite skipped="0" hostname="DESKTOP-TU9VSIP" name="com.test.Exceptiontimeout" tests="1" failures="0" timestamp="13 Mar 2020 14:01:40 GMT" time="0.032" errors="0">
  <testcase name="test1" time="0.032" classname="com.test.Exceptiontimeout"/>
</testsuite> <!-- com.test.Exceptiontimeout -->
