<?xml version="1.0" encoding="UTF-8"?>
<!-- Generated by org.testng.reporters.JUnitReportReporter -->
<testsuite skipped="0" hostname="DESKTOP-TU9VSIP" name="com.test.invocationTestCount" tests="10" failures="0" timestamp="14 Mar 2020 07:35:25 GMT" time="0.031" errors="0">
  <testcase name="sum" time="0.002" classname="com.test.invocationTestCount"/>
  <testcase name="sum" time="0.002" classname="com.test.invocationTestCount"/>
  <testcase name="sum" time="0.001" classname="com.test.invocationTestCount"/>
  <testcase name="sum" time="0.002" classname="com.test.invocationTestCount"/>
  <testcase name="sum" time="0.004" classname="com.test.invocationTestCount"/>
  <testcase name="sum" time="0.002" classname="com.test.invocationTestCount"/>
  <testcase name="sum" time="0.002" classname="com.test.invocationTestCount"/>
  <testcase name="sum" time="0.002" classname="com.test.invocationTestCount"/>
  <testcase name="sum" time="0.013" classname="com.test.invocationTestCount"/>
  <testcase name="sum" time="0.001" classname="com.test.invocationTestCount"/>
</testsuite> <!-- com.test.invocationTestCount -->
