<?xml version="1.0" encoding="UTF-8"?>
<!-- Generated by org.testng.reporters.JUnitReportReporter -->
<testsuite skipped="0" hostname="DESKTOP-TU9VSIP" name="com.test.Saleniumcode" tests="2" failures="0" timestamp="13 Mar 2020 18:05:19 GMT" time="23.441" errors="0">
  <testcase name="Logotest" time="13.740" classname="com.test.Saleniumcode"/>
  <testcase name="googleTitleTest" time="9.701" classname="com.test.Saleniumcode"/>
</testsuite> <!-- com.test.Saleniumcode -->
