<?xml version="1.0" encoding="UTF-8"?>
<!-- Generated by org.testng.reporters.JUnitReportReporter -->
<testsuite skipped="0" hostname="DESKTOP-TU9VSIP" name="com.test.ParameterizationTest" tests="1" failures="0" timestamp="14 Mar 2020 07:35:25 GMT" time="20.953" errors="0">
  <testcase name="yahoologinTest" time="20.953" classname="com.test.ParameterizationTest"/>
</testsuite> <!-- com.test.ParameterizationTest -->
